<?xml version="1.0" encoding="UTF-8"?>
<testsuite xmlns:xsi="http://www.w3.org/2001/XMLSchema-instance" xsi:noNamespaceSchemaLocation="https://maven.apache.org/surefire/maven-surefire-plugin/xsd/surefire-test-report-3.0.xsd" version="3.0" name="TesteEmail" time="0.005" tests="3" errors="0" skipped="0" failures="0">
  <properties>
[...]
</properties>
  <testcase name="testar_email_sem_arroba" classname="TesteEmail" time="0.001"/>
  <testcase name="testar_email_mais_50_caracteres" classname="TesteEmail" time="0.0"/>
  <testcase name="testar_email_com_arroba" classname="TesteEmail" time="0.0"/>
</testsuite>